<?xml version="1.0" encoding="UTF-8"?>
<!-- Generated by org.testng.reporters.JUnitXMLReporter -->
<testsuite hostname="Navdeep-Laptop" ignored="0" name="Parallel" tests="4" failures="0" timestamp="2020-05-15T09:09:21 IST" time="0.102" errors="0">
  <testcase name="TestCase1" time="0.018" classname="TestNGPart2.ParallelClass1"/>
  <testcase name="TestCase1" time="0.018" classname="TestNGPart2.ParallelClass2"/>
  <testcase name="TestCase2" time="0.003" classname="TestNGPart2.ParallelClass1"/>
  <testcase name="TestCase2" time="0.004" classname="TestNGPart2.ParallelClass2"/>
</testsuite> <!-- Parallel -->
