<?xml version="1.0" encoding="UTF-8"?>
<!-- Generated by org.testng.reporters.JUnitXMLReporter -->
<testsuite hostname="Navdeep-Laptop" ignored="0" name="Listeners" tests="3" failures="1" timestamp="2020-05-18T19:01:57 IST" time="0.091" errors="0">
  <testcase name="Test1" time="0.017" classname="listeners.ListenerDemo"/>
  <testcase name="Test2" time="0.005" classname="listeners.ListenerDemo">
    <failure type="java.lang.AssertionError" message="expected [B] but found [A]">
      <![CDATA[java.lang.AssertionError: expected [B] but found [A]
at listeners.ListenerDemo.Test2(ListenerDemo.java:19)
at java.util.ArrayList.forEach(ArrayList.java:1249)
... Removed 32 stack frames]]>
    </failure>
  </testcase> <!-- Test2 -->
  <testcase name="Test3" time="0.002" classname="listeners.ListenerDemo">
    <skipped/>
  </testcase> <!-- Test3 -->
</testsuite> <!-- Listeners -->
